{"/mnt/4FF9794F32FC7239/work/33- KIB/pre-start/assignment/exercise2/app/services/checkCSVFileNameCorrectAndExist.js": {"path":"/mnt/4FF9794F32FC7239/work/33- KIB/pre-start/assignment/exercise2/app/services/checkCSVFileNameCorrectAndExist.js","statementMap":{"0":{"start":{"line":1,"column":45},"end":{"line":1,"column":90}},"1":{"start":{"line":2,"column":29},"end":{"line":2,"column":58}},"2":{"start":{"line":5,"column":0},"end":{"line":11,"column":1}},"3":{"start":{"line":6,"column":2},"end":{"line":7,"column":56}},"4":{"start":{"line":7,"column":4},"end":{"line":7,"column":56}},"5":{"start":{"line":9,"column":2},"end":{"line":10,"column":42}},"6":{"start":{"line":10,"column":4},"end":{"line":10,"column":42}}},"fnMap":{"0":{"name":"(anonymous_0)","decl":{"start":{"line":5,"column":42},"end":{"line":5,"column":43}},"loc":{"start":{"line":5,"column":63},"end":{"line":11,"column":1}},"line":5}},"branchMap":{"0":{"loc":{"start":{"line":6,"column":2},"end":{"line":7,"column":56}},"type":"if","locations":[{"start":{"line":6,"column":2},"end":{"line":7,"column":56}},{"start":{},"end":{}}],"line":6},"1":{"loc":{"start":{"line":9,"column":2},"end":{"line":10,"column":42}},"type":"if","locations":[{"start":{"line":9,"column":2},"end":{"line":10,"column":42}},{"start":{},"end":{}}],"line":9}},"s":{"0":1,"1":1,"2":1,"3":3,"4":0,"5":3,"6":1},"f":{"0":3},"b":{"0":[0,3],"1":[1,2]},"_coverageSchema":"1a1c01bbd47fc00a2c39e90264f33305004495a9","hash":"57c813f41e7ad89d70baafec65c602b63eba2994"}
,"/mnt/4FF9794F32FC7239/work/33- KIB/pre-start/assignment/exercise2/app/services/checkFileArgIsCorrectCSVFileName.js": {"path":"/mnt/4FF9794F32FC7239/work/33- KIB/pre-start/assignment/exercise2/app/services/checkFileArgIsCorrectCSVFileName.js","statementMap":{"0":{"start":{"line":1,"column":0},"end":{"line":11,"column":1}},"1":{"start":{"line":3,"column":4},"end":{"line":4,"column":24}},"2":{"start":{"line":6,"column":2},"end":{"line":10,"column":4}}},"fnMap":{"0":{"name":"(anonymous_0)","decl":{"start":{"line":1,"column":43},"end":{"line":1,"column":44}},"loc":{"start":{"line":1,"column":58},"end":{"line":11,"column":1}},"line":1}},"branchMap":{"0":{"loc":{"start":{"line":3,"column":4},"end":{"line":4,"column":24}},"type":"binary-expr","locations":[{"start":{"line":3,"column":4},"end":{"line":3,"column":33}},{"start":{"line":4,"column":4},"end":{"line":4,"column":24}}],"line":3},"1":{"loc":{"start":{"line":7,"column":4},"end":{"line":9,"column":30}},"type":"binary-expr","locations":[{"start":{"line":7,"column":4},"end":{"line":7,"column":10}},{"start":{"line":8,"column":4},"end":{"line":9,"column":30}}],"line":7}},"s":{"0":2,"1":6,"2":6},"f":{"0":6},"b":{"0":[6,6],"1":[6,6]},"_coverageSchema":"1a1c01bbd47fc00a2c39e90264f33305004495a9","hash":"e3ca5325bad2e4c692e032077c2ed9f6c205b0c5"}
,"/mnt/4FF9794F32FC7239/work/33- KIB/pre-start/assignment/exercise2/app/services/checkFileIsExist.js": {"path":"/mnt/4FF9794F32FC7239/work/33- KIB/pre-start/assignment/exercise2/app/services/checkFileIsExist.js","statementMap":{"0":{"start":{"line":1,"column":11},"end":{"line":1,"column":24}},"1":{"start":{"line":3,"column":0},"end":{"line":5,"column":1}},"2":{"start":{"line":4,"column":2},"end":{"line":4,"column":33}}},"fnMap":{"0":{"name":"(anonymous_0)","decl":{"start":{"line":3,"column":27},"end":{"line":3,"column":28}},"loc":{"start":{"line":3,"column":41},"end":{"line":5,"column":1}},"line":3}},"branchMap":{},"s":{"0":2,"1":2,"2":5},"f":{"0":5},"b":{},"_coverageSchema":"1a1c01bbd47fc00a2c39e90264f33305004495a9","hash":"6fc89ceb40932808d28712b47a9b81687362b271"}
,"/mnt/4FF9794F32FC7239/work/33- KIB/pre-start/assignment/exercise2/app/services/writeCSVFile.js": {"path":"/mnt/4FF9794F32FC7239/work/33- KIB/pre-start/assignment/exercise2/app/services/writeCSVFile.js","statementMap":{"0":{"start":{"line":1,"column":11},"end":{"line":1,"column":24}},"1":{"start":{"line":4,"column":0},"end":{"line":9,"column":1}},"2":{"start":{"line":5,"column":15},"end":{"line":5,"column":53}},"3":{"start":{"line":7,"column":0},"end":{"line":7,"column":59}},"4":{"start":{"line":7,"column":22},"end":{"line":7,"column":57}},"5":{"start":{"line":8,"column":0},"end":{"line":8,"column":21}}},"fnMap":{"0":{"name":"(anonymous_0)","decl":{"start":{"line":4,"column":23},"end":{"line":4,"column":24}},"loc":{"start":{"line":4,"column":66},"end":{"line":9,"column":1}},"line":4}},"branchMap":{"0":{"loc":{"start":{"line":4,"column":42},"end":{"line":4,"column":51}},"type":"default-arg","locations":[{"start":{"line":4,"column":47},"end":{"line":4,"column":51}}],"line":4}},"s":{"0":1,"1":1,"2":1,"3":1,"4":1,"5":1},"f":{"0":1},"b":{"0":[0]},"_coverageSchema":"1a1c01bbd47fc00a2c39e90264f33305004495a9","hash":"f88b622e3f46afb94ba1975677c3b8f158d0d2de"}
,"/mnt/4FF9794F32FC7239/work/33- KIB/pre-start/assignment/exercise2/app/services/businessCalcs/BusinessCalcsContext.js": {"path":"/mnt/4FF9794F32FC7239/work/33- KIB/pre-start/assignment/exercise2/app/services/businessCalcs/BusinessCalcsContext.js","statementMap":{"0":{"start":{"line":2,"column":21},"end":{"line":2,"column":25}},"1":{"start":{"line":5,"column":4},"end":{"line":5,"column":37}},"2":{"start":{"line":8,"column":12},"end":{"line":10,"column":3}},"3":{"start":{"line":9,"column":4},"end":{"line":9,"column":52}},"4":{"start":{"line":12,"column":19},"end":{"line":14,"column":3}},"5":{"start":{"line":13,"column":4},"end":{"line":13,"column":59}},"6":{"start":{"line":16,"column":16},"end":{"line":18,"column":3}},"7":{"start":{"line":17,"column":4},"end":{"line":17,"column":56}},"8":{"start":{"line":20,"column":20},"end":{"line":22,"column":3}},"9":{"start":{"line":21,"column":4},"end":{"line":21,"column":60}},"10":{"start":{"line":25,"column":0},"end":{"line":25,"column":42}}},"fnMap":{"0":{"name":"(anonymous_0)","decl":{"start":{"line":4,"column":2},"end":{"line":4,"column":3}},"loc":{"start":{"line":4,"column":24},"end":{"line":6,"column":3}},"line":4},"1":{"name":"(anonymous_1)","decl":{"start":{"line":8,"column":12},"end":{"line":8,"column":13}},"loc":{"start":{"line":8,"column":27},"end":{"line":10,"column":3}},"line":8},"2":{"name":"(anonymous_2)","decl":{"start":{"line":12,"column":19},"end":{"line":12,"column":20}},"loc":{"start":{"line":12,"column":34},"end":{"line":14,"column":3}},"line":12},"3":{"name":"(anonymous_3)","decl":{"start":{"line":16,"column":16},"end":{"line":16,"column":17}},"loc":{"start":{"line":16,"column":31},"end":{"line":18,"column":3}},"line":16},"4":{"name":"(anonymous_4)","decl":{"start":{"line":20,"column":20},"end":{"line":20,"column":21}},"loc":{"start":{"line":20,"column":35},"end":{"line":22,"column":3}},"line":20}},"branchMap":{},"s":{"0":1,"1":1,"2":1,"3":5,"4":1,"5":0,"6":1,"7":1,"8":1,"9":1,"10":1},"f":{"0":1,"1":5,"2":0,"3":1,"4":1},"b":{},"_coverageSchema":"1a1c01bbd47fc00a2c39e90264f33305004495a9","hash":"eb845d4ab06c21910016cc72a27f5bb8c50c92c0"}
,"/mnt/4FF9794F32FC7239/work/33- KIB/pre-start/assignment/exercise2/app/services/businessCalcs/TaskStrategy.js": {"path":"/mnt/4FF9794F32FC7239/work/33- KIB/pre-start/assignment/exercise2/app/services/businessCalcs/TaskStrategy.js","statementMap":{"0":{"start":{"line":2,"column":30},"end":{"line":2,"column":32}},"1":{"start":{"line":3,"column":20},"end":{"line":3,"column":22}},"2":{"start":{"line":4,"column":16},"end":{"line":4,"column":17}},"3":{"start":{"line":9,"column":12},"end":{"line":25,"column":3}},"4":{"start":{"line":10,"column":23},"end":{"line":10,"column":55}},"5":{"start":{"line":11,"column":4},"end":{"line":11,"column":40}},"6":{"start":{"line":11,"column":33},"end":{"line":11,"column":40}},"7":{"start":{"line":15,"column":8},"end":{"line":15,"column":18}},"8":{"start":{"line":17,"column":4},"end":{"line":17,"column":39}},"9":{"start":{"line":19,"column":25},"end":{"line":19,"column":67}},"10":{"start":{"line":20,"column":4},"end":{"line":20,"column":59}},"11":{"start":{"line":22,"column":4},"end":{"line":22,"column":76}},"12":{"start":{"line":24,"column":4},"end":{"line":24,"column":26}},"13":{"start":{"line":28,"column":16},"end":{"line":35,"column":3}},"14":{"start":{"line":29,"column":38},"end":{"line":29,"column":40}},"15":{"start":{"line":30,"column":4},"end":{"line":32,"column":5}},"16":{"start":{"line":31,"column":6},"end":{"line":31,"column":82}},"17":{"start":{"line":34,"column":4},"end":{"line":34,"column":37}},"18":{"start":{"line":38,"column":20},"end":{"line":70,"column":3}},"19":{"start":{"line":39,"column":34},"end":{"line":39,"column":36}},"20":{"start":{"line":40,"column":16},"end":{"line":40,"column":18}},"21":{"start":{"line":42,"column":4},"end":{"line":53,"column":5}},"22":{"start":{"line":43,"column":31},"end":{"line":43,"column":68}},"23":{"start":{"line":45,"column":6},"end":{"line":52,"column":7}},"24":{"start":{"line":46,"column":8},"end":{"line":48,"column":10}},"25":{"start":{"line":51,"column":8},"end":{"line":51,"column":60}},"26":{"start":{"line":55,"column":4},"end":{"line":67,"column":5}},"27":{"start":{"line":56,"column":33},"end":{"line":56,"column":69}},"28":{"start":{"line":57,"column":34},"end":{"line":57,"column":76}},"29":{"start":{"line":59,"column":6},"end":{"line":64,"column":7}},"30":{"start":{"line":60,"column":8},"end":{"line":60,"column":59}},"31":{"start":{"line":60,"column":50},"end":{"line":60,"column":59}},"32":{"start":{"line":62,"column":8},"end":{"line":62,"column":37}},"33":{"start":{"line":63,"column":8},"end":{"line":63,"column":44}},"34":{"start":{"line":66,"column":6},"end":{"line":66,"column":48}},"35":{"start":{"line":69,"column":4},"end":{"line":69,"column":15}},"36":{"start":{"line":73,"column":19},"end":{"line":75,"column":3}},"37":{"start":{"line":74,"column":4},"end":{"line":74,"column":28}},"38":{"start":{"line":78,"column":41},"end":{"line":84,"column":3}},"39":{"start":{"line":79,"column":4},"end":{"line":83,"column":5}},"40":{"start":{"line":80,"column":6},"end":{"line":80,"column":57}},"41":{"start":{"line":82,"column":6},"end":{"line":82,"column":58}},"42":{"start":{"line":87,"column":40},"end":{"line":93,"column":3}},"43":{"start":{"line":88,"column":4},"end":{"line":92,"column":5}},"44":{"start":{"line":89,"column":6},"end":{"line":89,"column":45}},"45":{"start":{"line":91,"column":6},"end":{"line":91,"column":46}},"46":{"start":{"line":96,"column":22},"end":{"line":98,"column":3}},"47":{"start":{"line":97,"column":4},"end":{"line":97,"column":35}},"48":{"start":{"line":101,"column":23},"end":{"line":103,"column":3}},"49":{"start":{"line":102,"column":4},"end":{"line":102,"column":35}},"50":{"start":{"line":106,"column":24},"end":{"line":108,"column":3}},"51":{"start":{"line":107,"column":4},"end":{"line":107,"column":29}},"52":{"start":{"line":111,"column":0},"end":{"line":111,"column":34}}},"fnMap":{"0":{"name":"(anonymous_0)","decl":{"start":{"line":6,"column":2},"end":{"line":6,"column":3}},"loc":{"start":{"line":6,"column":16},"end":{"line":6,"column":19}},"line":6},"1":{"name":"(anonymous_1)","decl":{"start":{"line":9,"column":12},"end":{"line":9,"column":13}},"loc":{"start":{"line":9,"column":24},"end":{"line":25,"column":3}},"line":9},"2":{"name":"(anonymous_2)","decl":{"start":{"line":28,"column":16},"end":{"line":28,"column":17}},"loc":{"start":{"line":28,"column":22},"end":{"line":35,"column":3}},"line":28},"3":{"name":"(anonymous_3)","decl":{"start":{"line":38,"column":20},"end":{"line":38,"column":21}},"loc":{"start":{"line":38,"column":26},"end":{"line":70,"column":3}},"line":38},"4":{"name":"(anonymous_4)","decl":{"start":{"line":73,"column":19},"end":{"line":73,"column":20}},"loc":{"start":{"line":73,"column":25},"end":{"line":75,"column":3}},"line":73},"5":{"name":"(anonymous_5)","decl":{"start":{"line":78,"column":41},"end":{"line":78,"column":42}},"loc":{"start":{"line":78,"column":64},"end":{"line":84,"column":3}},"line":78},"6":{"name":"(anonymous_6)","decl":{"start":{"line":87,"column":40},"end":{"line":87,"column":41}},"loc":{"start":{"line":87,"column":58},"end":{"line":93,"column":3}},"line":87},"7":{"name":"(anonymous_7)","decl":{"start":{"line":96,"column":22},"end":{"line":96,"column":23}},"loc":{"start":{"line":96,"column":42},"end":{"line":98,"column":3}},"line":96},"8":{"name":"(anonymous_8)","decl":{"start":{"line":101,"column":23},"end":{"line":101,"column":24}},"loc":{"start":{"line":101,"column":41},"end":{"line":103,"column":3}},"line":101},"9":{"name":"(anonymous_9)","decl":{"start":{"line":106,"column":24},"end":{"line":106,"column":25}},"loc":{"start":{"line":106,"column":36},"end":{"line":108,"column":3}},"line":106}},"branchMap":{"0":{"loc":{"start":{"line":11,"column":4},"end":{"line":11,"column":40}},"type":"if","locations":[{"start":{"line":11,"column":4},"end":{"line":11,"column":40}},{"start":{},"end":{}}],"line":11},"1":{"loc":{"start":{"line":45,"column":6},"end":{"line":52,"column":7}},"type":"if","locations":[{"start":{"line":45,"column":6},"end":{"line":52,"column":7}},{"start":{"line":50,"column":11},"end":{"line":52,"column":7}}],"line":45},"2":{"loc":{"start":{"line":60,"column":8},"end":{"line":60,"column":59}},"type":"if","locations":[{"start":{"line":60,"column":8},"end":{"line":60,"column":59}},{"start":{},"end":{}}],"line":60},"3":{"loc":{"start":{"line":79,"column":4},"end":{"line":83,"column":5}},"type":"if","locations":[{"start":{"line":79,"column":4},"end":{"line":83,"column":5}},{"start":{"line":81,"column":11},"end":{"line":83,"column":5}}],"line":79},"4":{"loc":{"start":{"line":88,"column":4},"end":{"line":92,"column":5}},"type":"if","locations":[{"start":{"line":88,"column":4},"end":{"line":92,"column":5}},{"start":{"line":90,"column":11},"end":{"line":92,"column":5}}],"line":88}},"s":{"0":1,"1":1,"2":1,"3":1,"4":5,"5":5,"6":0,"7":5,"8":5,"9":5,"10":5,"11":5,"12":5,"13":1,"14":1,"15":1,"16":2,"17":1,"18":1,"19":1,"20":1,"21":1,"22":3,"23":3,"24":2,"25":1,"26":1,"27":2,"28":2,"29":2,"30":3,"31":3,"32":0,"33":0,"34":2,"35":1,"36":1,"37":0,"38":1,"39":5,"40":2,"41":3,"42":1,"43":5,"44":3,"45":2,"46":1,"47":5,"48":1,"49":3,"50":1,"51":5,"52":1},"f":{"0":1,"1":5,"2":1,"3":1,"4":0,"5":5,"6":5,"7":5,"8":3,"9":5},"b":{"0":[0,5],"1":[2,1],"2":[3,0],"3":[2,3],"4":[3,2]},"_coverageSchema":"1a1c01bbd47fc00a2c39e90264f33305004495a9","hash":"6a0dd1d89fefa21950468052944c42d594404291"}
}
