TN:
SF:services/checkCSVFileNameCorrectAndExist.js
FN:5,(anonymous_0)
FNF:1
FNH:1
FNDA:3,(anonymous_0)
DA:1,1
DA:2,1
DA:5,1
DA:6,3
DA:7,0
DA:9,3
DA:10,1
LF:7
LH:6
BRDA:6,0,0,0
BRDA:6,0,1,3
BRDA:9,1,0,1
BRDA:9,1,1,2
BRF:4
BRH:3
end_of_record
TN:
SF:services/checkFileArgIsCorrectCSVFileName.js
FN:1,(anonymous_0)
FNF:1
FNH:1
FNDA:6,(anonymous_0)
DA:1,2
DA:3,6
DA:6,6
LF:3
LH:3
BRDA:3,0,0,6
BRDA:3,0,1,6
BRDA:7,1,0,6
BRDA:7,1,1,6
BRF:4
BRH:4
end_of_record
TN:
SF:services/checkFileIsExist.js
FN:3,(anonymous_0)
FNF:1
FNH:1
FNDA:5,(anonymous_0)
DA:1,2
DA:3,2
DA:4,5
LF:3
LH:3
BRF:0
BRH:0
end_of_record
TN:
SF:services/writeCSVFile.js
FN:4,(anonymous_0)
FNF:1
FNH:1
FNDA:1,(anonymous_0)
DA:1,1
DA:4,1
DA:5,1
DA:7,1
DA:8,1
LF:5
LH:5
BRDA:4,0,0,0
BRF:1
BRH:0
end_of_record
TN:
SF:services/businessCalcs/BusinessCalcsContext.js
FN:4,(anonymous_0)
FN:8,(anonymous_1)
FN:12,(anonymous_2)
FN:16,(anonymous_3)
FN:20,(anonymous_4)
FNF:5
FNH:4
FNDA:1,(anonymous_0)
FNDA:5,(anonymous_1)
FNDA:0,(anonymous_2)
FNDA:1,(anonymous_3)
FNDA:1,(anonymous_4)
DA:2,1
DA:5,1
DA:8,1
DA:9,5
DA:12,1
DA:13,0
DA:16,1
DA:17,1
DA:20,1
DA:21,1
DA:25,1
LF:11
LH:10
BRF:0
BRH:0
end_of_record
TN:
SF:services/businessCalcs/TaskStrategy.js
FN:6,(anonymous_0)
FN:9,(anonymous_1)
FN:28,(anonymous_2)
FN:38,(anonymous_3)
FN:73,(anonymous_4)
FN:78,(anonymous_5)
FN:87,(anonymous_6)
FN:96,(anonymous_7)
FN:101,(anonymous_8)
FN:106,(anonymous_9)
FNF:10
FNH:9
FNDA:1,(anonymous_0)
FNDA:5,(anonymous_1)
FNDA:1,(anonymous_2)
FNDA:1,(anonymous_3)
FNDA:0,(anonymous_4)
FNDA:5,(anonymous_5)
FNDA:5,(anonymous_6)
FNDA:5,(anonymous_7)
FNDA:3,(anonymous_8)
FNDA:5,(anonymous_9)
DA:2,1
DA:3,1
DA:4,1
DA:9,1
DA:10,5
DA:11,5
DA:15,5
DA:17,5
DA:19,5
DA:20,5
DA:22,5
DA:24,5
DA:28,1
DA:29,1
DA:30,1
DA:31,2
DA:34,1
DA:38,1
DA:39,1
DA:40,1
DA:42,1
DA:43,3
DA:45,3
DA:46,2
DA:51,1
DA:55,1
DA:56,2
DA:57,2
DA:59,2
DA:60,3
DA:62,0
DA:63,0
DA:66,2
DA:69,1
DA:73,1
DA:74,0
DA:78,1
DA:79,5
DA:80,2
DA:82,3
DA:87,1
DA:88,5
DA:89,3
DA:91,2
DA:96,1
DA:97,5
DA:101,1
DA:102,3
DA:106,1
DA:107,5
DA:111,1
LF:51
LH:48
BRDA:11,0,0,0
BRDA:11,0,1,5
BRDA:45,1,0,2
BRDA:45,1,1,1
BRDA:60,2,0,3
BRDA:60,2,1,0
BRDA:79,3,0,2
BRDA:79,3,1,3
BRDA:88,4,0,3
BRDA:88,4,1,2
BRF:10
BRH:8
end_of_record
